<?xml version="1.0" encoding="UTF-8"?>
<!-- Generated by org.testng.reporters.JUnitReportReporter -->
<testsuite skipped="0" hostname="LAPTOP-DGUP2R51" name="com.comprensive_assessment_hybrid_framework.runner.Runner" tests="11" failures="0" timestamp="2021-09-26T07:46:53 IST" time="54.029" errors="0">
  <testcase name="validate_stores" time="0.088" classname="com.comprensive_assessment_hybrid_framework.runner.Runner"/>
  <system-out/>
  <testcase name="tvunits" time="19.821" classname="com.comprensive_assessment_hybrid_framework.runner.Runner"/>
  <system-out/>
  <testcase name="searchingelements" time="0.783" classname="com.comprensive_assessment_hybrid_framework.runner.Runner"/>
  <system-out/>
  <testcase name="gift_cards" time="17.753" classname="com.comprensive_assessment_hybrid_framework.runner.Runner"/>
  <system-out/>
  <testcase name="help" time="4.511" classname="com.comprensive_assessment_hybrid_framework.runner.Runner"/>
  <system-out/>
  <testcase name="kidsroom" time="0.276" classname="com.comprensive_assessment_hybrid_framework.runner.Runner"/>
  <system-out/>
  <testcase name="testdata" time="3.811" classname="com.comprensive_assessment_hybrid_framework.runner.Runner"/>
  <system-out/>
  <testcase name="testdata" time="2.062" classname="com.comprensive_assessment_hybrid_framework.runner.Runner"/>
  <system-out/>
  <testcase name="testdata" time="2.183" classname="com.comprensive_assessment_hybrid_framework.runner.Runner"/>
  <system-out/>
  <testcase name="searchtab" time="2.336" classname="com.comprensive_assessment_hybrid_framework.runner.Runner"/>
  <system-out/>
  <testcase name="connectwithus" time="0.405" classname="com.comprensive_assessment_hybrid_framework.runner.Runner"/>
  <system-out/>
</testsuite> <!-- com.comprensive_assessment_hybrid_framework.runner.Runner -->
