<?xml version="1.0" encoding="UTF-8"?>
<!-- Generated by org.testng.reporters.JUnitReportReporter -->
<testsuite skipped="0" hostname="LAPTOP-DGUP2R51" name="com.comprensive_assessment_hybrid_framework.runner.Runner" tests="12" failures="0" timestamp="2021-09-26T08:12:42 IST" time="38.461" errors="0">
  <testcase name="tvunits" time="3.489" classname="com.comprensive_assessment_hybrid_framework.runner.Runner"/>
  <system-out/>
  <testcase name="login" time="9.237" classname="com.comprensive_assessment_hybrid_framework.runner.Runner"/>
  <system-out/>
  <testcase name="validate_stores" time="0.211" classname="com.comprensive_assessment_hybrid_framework.runner.Runner"/>
  <system-out/>
  <testcase name="searchingelements" time="0.828" classname="com.comprensive_assessment_hybrid_framework.runner.Runner"/>
  <system-out/>
  <testcase name="gift_cards" time="9.000" classname="com.comprensive_assessment_hybrid_framework.runner.Runner"/>
  <system-out/>
  <testcase name="help" time="5.636" classname="com.comprensive_assessment_hybrid_framework.runner.Runner"/>
  <system-out/>
  <testcase name="kidsroom" time="0.253" classname="com.comprensive_assessment_hybrid_framework.runner.Runner"/>
  <system-out/>
  <testcase name="testdata" time="1.955" classname="com.comprensive_assessment_hybrid_framework.runner.Runner"/>
  <system-out/>
  <testcase name="testdata" time="2.103" classname="com.comprensive_assessment_hybrid_framework.runner.Runner"/>
  <system-out/>
  <testcase name="testdata" time="2.495" classname="com.comprensive_assessment_hybrid_framework.runner.Runner"/>
  <system-out/>
  <testcase name="searchtab" time="2.824" classname="com.comprensive_assessment_hybrid_framework.runner.Runner"/>
  <system-out/>
  <testcase name="connectwithus" time="0.430" classname="com.comprensive_assessment_hybrid_framework.runner.Runner"/>
  <system-out/>
</testsuite> <!-- com.comprensive_assessment_hybrid_framework.runner.Runner -->
